0 info it worked if it ends with ok
1 verbose cli [ 'C:\\Program Files\\nodejs\\node.exe',
1 verbose cli   'C:\\Program Files\\nodejs\\node_modules\\npm\\bin\\npm-cli.js',
1 verbose cli   'start' ]
2 info using npm@3.10.10
3 info using node@v7.3.0
4 verbose run-script [ 'prestart', 'start', 'poststart' ]
5 info lifecycle to_do_nodejs@1.0.0~prestart: to_do_nodejs@1.0.0
6 silly lifecycle to_do_nodejs@1.0.0~prestart: no script for prestart, continuing
7 info lifecycle to_do_nodejs@1.0.0~start: to_do_nodejs@1.0.0
8 verbose lifecycle to_do_nodejs@1.0.0~start: unsafe-perm in lifecycle true
9 verbose lifecycle to_do_nodejs@1.0.0~start: PATH: C:\Program Files\nodejs\node_modules\npm\bin\node-gyp-bin;C:\Users\Mello\Documents\GitHub\ToDo_Nodejs\node_modules\.bin;C:\ProgramData\Oracle\Java\javapath;C:\WINDOWS\system32;C:\WINDOWS;C:\WINDOWS\System32\Wbem;C:\WINDOWS\System32\WindowsPowerShell\v1.0\;C:\Program Files (x86)\Skype\Phone\;C:\Program Files\nodejs\;C:\Program Files\MySQL\MySQL Utilities 1.6\;C:\Program Files (x86)\Windows Kits\10\Windows Performance Toolkit\;C:\Program Files\dotnet\;C:\Program Files\Microsoft SQL Server\130\Tools\Binn\;C:\Program Files\Git\cmd;C:\Program Files\Microsoft\Web Platform Installer\;C:\Program Files\Microsoft SQL Server\120\Tools\Binn\;C:\Program Files\MiKTeX 2.9\miktex\bin\x64\;C:\Program Files (x86)\Heroku\bin;C:\Program Files (x86)\git\cmd;C:\Program Files (x86)\Git\cmd;C:\Ruby23-x64\bin;C:\Users\Mello\AppData\Local\Microsoft\WindowsApps;C:\Program Files (x86)\Google\google_appengine\;C:\Python27;C:\Python27\Scripts;C:\Users\Mello\AppData\Roaming\npm
10 verbose lifecycle to_do_nodejs@1.0.0~start: CWD: C:\Users\Mello\Documents\GitHub\ToDo_Nodejs
11 silly lifecycle to_do_nodejs@1.0.0~start: Args: [ '/d /s /c', 'node index.js' ]
12 silly lifecycle to_do_nodejs@1.0.0~start: Returned: code: 1  signal: null
13 info lifecycle to_do_nodejs@1.0.0~start: Failed to exec start script
14 verbose stack Error: to_do_nodejs@1.0.0 start: `node index.js`
14 verbose stack Exit status 1
14 verbose stack     at EventEmitter.<anonymous> (C:\Program Files\nodejs\node_modules\npm\lib\utils\lifecycle.js:255:16)
14 verbose stack     at emitTwo (events.js:106:13)
14 verbose stack     at EventEmitter.emit (events.js:191:7)
14 verbose stack     at ChildProcess.<anonymous> (C:\Program Files\nodejs\node_modules\npm\lib\utils\spawn.js:40:14)
14 verbose stack     at emitTwo (events.js:106:13)
14 verbose stack     at ChildProcess.emit (events.js:191:7)
14 verbose stack     at maybeClose (internal/child_process.js:885:16)
14 verbose stack     at Process.ChildProcess._handle.onexit (internal/child_process.js:226:5)
15 verbose pkgid to_do_nodejs@1.0.0
16 verbose cwd C:\Users\Mello\Documents\GitHub\ToDo_Nodejs
17 error Windows_NT 10.0.14393
18 error argv "C:\\Program Files\\nodejs\\node.exe" "C:\\Program Files\\nodejs\\node_modules\\npm\\bin\\npm-cli.js" "start"
19 error node v7.3.0
20 error npm  v3.10.10
21 error code ELIFECYCLE
22 error to_do_nodejs@1.0.0 start: `node index.js`
22 error Exit status 1
23 error Failed at the to_do_nodejs@1.0.0 start script 'node index.js'.
23 error Make sure you have the latest version of node.js and npm installed.
23 error If you do, this is most likely a problem with the to_do_nodejs package,
23 error not with npm itself.
23 error Tell the author that this fails on your system:
23 error     node index.js
23 error You can get information on how to open an issue for this project with:
23 error     npm bugs to_do_nodejs
23 error Or if that isn't available, you can get their info via:
23 error     npm owner ls to_do_nodejs
23 error There is likely additional logging output above.
24 verbose exit [ 1, true ]
